C:\Program Files\Microsoft Visual Studio\2022\Community\MSBuild\Microsoft\VC\v170\Microsoft.CppBuild.targets(531,5): warning MSB8028: The intermediate directory (Debug\) contains files shared from another project (2DTriangles.vcxproj, 3DPyramid.vcxproj, 4-3.vcxproj, OpenGLSample.vcxproj).  This can lead to incorrect clean and rebuild behavior.
  camera.cpp
  shader.cpp
  7-1.cpp
D:\OpenGLSample\7-1\7-1\OpenGLSample\7-1.cpp(498,43): warning C4305: 'initializing': truncation from 'double' to 'GLfloat'
D:\OpenGLSample\7-1\7-1\OpenGLSample\7-1.cpp(500,45): warning C4305: 'initializing': truncation from 'double' to 'GLfloat'
D:\OpenGLSample\7-1\7-1\OpenGLSample\7-1.cpp(501,45): warning C4305: 'initializing': truncation from 'double' to 'GLfloat'
D:\OpenGLSample\7-1\7-1\OpenGLSample\7-1.cpp(502,45): warning C4305: 'initializing': truncation from 'double' to 'GLfloat'
D:\OpenGLSample\7-1\7-1\OpenGLSample\7-1.cpp(503,45): warning C4305: 'initializing': truncation from 'double' to 'GLfloat'
D:\OpenGLSample\7-1\7-1\OpenGLSample\7-1.cpp(504,45): warning C4305: 'initializing': truncation from 'double' to 'GLfloat'
D:\OpenGLSample\7-1\7-1\OpenGLSample\7-1.cpp(505,45): warning C4305: 'initializing': truncation from 'double' to 'GLfloat'
D:\OpenGLSample\7-1\7-1\OpenGLSample\7-1.cpp(506,44): warning C4305: 'initializing': truncation from 'double' to 'GLfloat'
D:\OpenGLSample\7-1\7-1\OpenGLSample\7-1.cpp(507,45): warning C4305: 'initializing': truncation from 'double' to 'GLfloat'
D:\OpenGLSample\7-1\7-1\OpenGLSample\7-1.cpp(508,44): warning C4305: 'initializing': truncation from 'double' to 'GLfloat'
D:\OpenGLSample\7-1\7-1\OpenGLSample\7-1.cpp(509,44): warning C4305: 'initializing': truncation from 'double' to 'GLfloat'
D:\OpenGLSample\7-1\7-1\OpenGLSample\7-1.cpp(510,45): warning C4305: 'initializing': truncation from 'double' to 'GLfloat'
D:\OpenGLSample\7-1\7-1\OpenGLSample\7-1.cpp(511,44): warning C4305: 'initializing': truncation from 'double' to 'GLfloat'
D:\OpenGLSample\7-1\7-1\OpenGLSample\7-1.cpp(512,45): warning C4305: 'initializing': truncation from 'double' to 'GLfloat'
D:\OpenGLSample\7-1\7-1\OpenGLSample\7-1.cpp(513,45): warning C4305: 'initializing': truncation from 'double' to 'GLfloat'
D:\OpenGLSample\7-1\7-1\OpenGLSample\7-1.cpp(514,44): warning C4305: 'initializing': truncation from 'double' to 'GLfloat'
D:\OpenGLSample\7-1\7-1\OpenGLSample\7-1.cpp(515,44): warning C4305: 'initializing': truncation from 'double' to 'GLfloat'
D:\OpenGLSample\7-1\7-1\OpenGLSample\7-1.cpp(516,44): warning C4305: 'initializing': truncation from 'double' to 'GLfloat'
D:\OpenGLSample\7-1\7-1\OpenGLSample\7-1.cpp(517,45): warning C4305: 'initializing': truncation from 'double' to 'GLfloat'
D:\OpenGLSample\7-1\7-1\OpenGLSample\7-1.cpp(518,44): warning C4305: 'initializing': truncation from 'double' to 'GLfloat'
D:\OpenGLSample\7-1\7-1\OpenGLSample\7-1.cpp(519,45): warning C4305: 'initializing': truncation from 'double' to 'GLfloat'
D:\OpenGLSample\7-1\7-1\OpenGLSample\7-1.cpp(520,44): warning C4305: 'initializing': truncation from 'double' to 'GLfloat'
D:\OpenGLSample\7-1\7-1\OpenGLSample\7-1.cpp(521,44): warning C4305: 'initializing': truncation from 'double' to 'GLfloat'
D:\OpenGLSample\7-1\7-1\OpenGLSample\7-1.cpp(522,45): warning C4305: 'initializing': truncation from 'double' to 'GLfloat'
D:\OpenGLSample\7-1\7-1\OpenGLSample\7-1.cpp(523,44): warning C4305: 'initializing': truncation from 'double' to 'GLfloat'
D:\OpenGLSample\7-1\7-1\OpenGLSample\7-1.cpp(524,45): warning C4305: 'initializing': truncation from 'double' to 'GLfloat'
D:\OpenGLSample\7-1\7-1\OpenGLSample\7-1.cpp(525,45): warning C4305: 'initializing': truncation from 'double' to 'GLfloat'
D:\OpenGLSample\7-1\7-1\OpenGLSample\7-1.cpp(526,45): warning C4305: 'initializing': truncation from 'double' to 'GLfloat'
D:\OpenGLSample\7-1\7-1\OpenGLSample\7-1.cpp(527,45): warning C4305: 'initializing': truncation from 'double' to 'GLfloat'
D:\OpenGLSample\7-1\7-1\OpenGLSample\7-1.cpp(528,45): warning C4305: 'initializing': truncation from 'double' to 'GLfloat'
D:\OpenGLSample\7-1\7-1\OpenGLSample\7-1.cpp(529,45): warning C4305: 'initializing': truncation from 'double' to 'GLfloat'
D:\OpenGLSample\7-1\7-1\OpenGLSample\7-1.cpp(530,44): warning C4305: 'initializing': truncation from 'double' to 'GLfloat'
D:\OpenGLSample\7-1\7-1\OpenGLSample\7-1.cpp(531,45): warning C4305: 'initializing': truncation from 'double' to 'GLfloat'
D:\OpenGLSample\7-1\7-1\OpenGLSample\7-1.cpp(532,43): warning C4305: 'initializing': truncation from 'double' to 'GLfloat'
D:\OpenGLSample\7-1\7-1\OpenGLSample\7-1.cpp(533,43): warning C4305: 'initializing': truncation from 'double' to 'GLfloat'
D:\OpenGLSample\7-1\7-1\OpenGLSample\7-1.cpp(534,44): warning C4305: 'initializing': truncation from 'double' to 'GLfloat'
D:\OpenGLSample\7-1\7-1\OpenGLSample\7-1.cpp(535,44): warning C4305: 'initializing': truncation from 'double' to 'GLfloat'
D:\OpenGLSample\7-1\7-1\OpenGLSample\7-1.cpp(536,46): warning C4305: 'initializing': truncation from 'double' to 'GLfloat'
D:\OpenGLSample\7-1\7-1\OpenGLSample\7-1.cpp(537,46): warning C4305: 'initializing': truncation from 'double' to 'GLfloat'
D:\OpenGLSample\7-1\7-1\OpenGLSample\7-1.cpp(538,46): warning C4305: 'initializing': truncation from 'double' to 'GLfloat'
D:\OpenGLSample\7-1\7-1\OpenGLSample\7-1.cpp(539,46): warning C4305: 'initializing': truncation from 'double' to 'GLfloat'
D:\OpenGLSample\7-1\7-1\OpenGLSample\7-1.cpp(540,46): warning C4305: 'initializing': truncation from 'double' to 'GLfloat'
D:\OpenGLSample\7-1\7-1\OpenGLSample\7-1.cpp(541,46): warning C4305: 'initializing': truncation from 'double' to 'GLfloat'
D:\OpenGLSample\7-1\7-1\OpenGLSample\7-1.cpp(542,46): warning C4305: 'initializing': truncation from 'double' to 'GLfloat'
D:\OpenGLSample\7-1\7-1\OpenGLSample\7-1.cpp(543,46): warning C4305: 'initializing': truncation from 'double' to 'GLfloat'
D:\OpenGLSample\7-1\7-1\OpenGLSample\7-1.cpp(544,46): warning C4305: 'initializing': truncation from 'double' to 'GLfloat'
D:\OpenGLSample\7-1\7-1\OpenGLSample\7-1.cpp(545,46): warning C4305: 'initializing': truncation from 'double' to 'GLfloat'
D:\OpenGLSample\7-1\7-1\OpenGLSample\7-1.cpp(546,46): warning C4305: 'initializing': truncation from 'double' to 'GLfloat'
D:\OpenGLSample\7-1\7-1\OpenGLSample\7-1.cpp(547,46): warning C4305: 'initializing': truncation from 'double' to 'GLfloat'
D:\OpenGLSample\7-1\7-1\OpenGLSample\7-1.cpp(548,46): warning C4305: 'initializing': truncation from 'double' to 'GLfloat'
D:\OpenGLSample\7-1\7-1\OpenGLSample\7-1.cpp(549,46): warning C4305: 'initializing': truncation from 'double' to 'GLfloat'
D:\OpenGLSample\7-1\7-1\OpenGLSample\7-1.cpp(550,46): warning C4305: 'initializing': truncation from 'double' to 'GLfloat'
D:\OpenGLSample\7-1\7-1\OpenGLSample\7-1.cpp(551,46): warning C4305: 'initializing': truncation from 'double' to 'GLfloat'
D:\OpenGLSample\7-1\7-1\OpenGLSample\7-1.cpp(552,45): warning C4305: 'initializing': truncation from 'double' to 'GLfloat'
D:\OpenGLSample\7-1\7-1\OpenGLSample\7-1.cpp(553,45): warning C4305: 'initializing': truncation from 'double' to 'GLfloat'
D:\OpenGLSample\7-1\7-1\OpenGLSample\7-1.cpp(554,45): warning C4305: 'initializing': truncation from 'double' to 'GLfloat'
D:\OpenGLSample\7-1\7-1\OpenGLSample\7-1.cpp(555,46): warning C4305: 'initializing': truncation from 'double' to 'GLfloat'
D:\OpenGLSample\7-1\7-1\OpenGLSample\7-1.cpp(556,46): warning C4305: 'initializing': truncation from 'double' to 'GLfloat'
D:\OpenGLSample\7-1\7-1\OpenGLSample\7-1.cpp(557,46): warning C4305: 'initializing': truncation from 'double' to 'GLfloat'
D:\OpenGLSample\7-1\7-1\OpenGLSample\7-1.cpp(558,46): warning C4305: 'initializing': truncation from 'double' to 'GLfloat'
D:\OpenGLSample\7-1\7-1\OpenGLSample\7-1.cpp(559,46): warning C4305: 'initializing': truncation from 'double' to 'GLfloat'
D:\OpenGLSample\7-1\7-1\OpenGLSample\7-1.cpp(560,46): warning C4305: 'initializing': truncation from 'double' to 'GLfloat'
D:\OpenGLSample\7-1\7-1\OpenGLSample\7-1.cpp(561,46): warning C4305: 'initializing': truncation from 'double' to 'GLfloat'
D:\OpenGLSample\7-1\7-1\OpenGLSample\7-1.cpp(562,46): warning C4305: 'initializing': truncation from 'double' to 'GLfloat'
D:\OpenGLSample\7-1\7-1\OpenGLSample\7-1.cpp(563,46): warning C4305: 'initializing': truncation from 'double' to 'GLfloat'
D:\OpenGLSample\7-1\7-1\OpenGLSample\7-1.cpp(564,46): warning C4305: 'initializing': truncation from 'double' to 'GLfloat'
D:\OpenGLSample\7-1\7-1\OpenGLSample\7-1.cpp(565,46): warning C4305: 'initializing': truncation from 'double' to 'GLfloat'
D:\OpenGLSample\7-1\7-1\OpenGLSample\7-1.cpp(566,45): warning C4305: 'initializing': truncation from 'double' to 'GLfloat'
D:\OpenGLSample\7-1\7-1\OpenGLSample\7-1.cpp(567,46): warning C4305: 'initializing': truncation from 'double' to 'GLfloat'
D:\OpenGLSample\7-1\7-1\OpenGLSample\7-1.cpp(568,45): warning C4305: 'initializing': truncation from 'double' to 'GLfloat'
D:\OpenGLSample\7-1\7-1\OpenGLSample\7-1.cpp(569,45): warning C4305: 'initializing': truncation from 'double' to 'GLfloat'
D:\OpenGLSample\7-1\7-1\OpenGLSample\7-1.cpp(570,44): warning C4305: 'initializing': truncation from 'double' to 'GLfloat'
D:\OpenGLSample\7-1\7-1\OpenGLSample\7-1.cpp(571,43): warning C4305: 'initializing': truncation from 'double' to 'GLfloat'
D:\OpenGLSample\7-1\7-1\OpenGLSample\7-1.cpp(572,44): warning C4305: 'initializing': truncation from 'double' to 'GLfloat'
D:\OpenGLSample\7-1\7-1\OpenGLSample\7-1.cpp(573,45): warning C4305: 'initializing': truncation from 'double' to 'GLfloat'
D:\OpenGLSample\7-1\7-1\OpenGLSample\7-1.cpp(574,45): warning C4305: 'initializing': truncation from 'double' to 'GLfloat'
D:\OpenGLSample\7-1\7-1\OpenGLSample\7-1.cpp(575,45): warning C4305: 'initializing': truncation from 'double' to 'GLfloat'
D:\OpenGLSample\7-1\7-1\OpenGLSample\7-1.cpp(576,45): warning C4305: 'initializing': truncation from 'double' to 'GLfloat'
D:\OpenGLSample\7-1\7-1\OpenGLSample\7-1.cpp(577,45): warning C4305: 'initializing': truncation from 'double' to 'GLfloat'
D:\OpenGLSample\7-1\7-1\OpenGLSample\7-1.cpp(578,44): warning C4305: 'initializing': truncation from 'double' to 'GLfloat'
D:\OpenGLSample\7-1\7-1\OpenGLSample\7-1.cpp(579,45): warning C4305: 'initializing': truncation from 'double' to 'GLfloat'
D:\OpenGLSample\7-1\7-1\OpenGLSample\7-1.cpp(580,44): warning C4305: 'initializing': truncation from 'double' to 'GLfloat'
D:\OpenGLSample\7-1\7-1\OpenGLSample\7-1.cpp(581,44): warning C4305: 'initializing': truncation from 'double' to 'GLfloat'
D:\OpenGLSample\7-1\7-1\OpenGLSample\7-1.cpp(582,45): warning C4305: 'initializing': truncation from 'double' to 'GLfloat'
D:\OpenGLSample\7-1\7-1\OpenGLSample\7-1.cpp(583,44): warning C4305: 'initializing': truncation from 'double' to 'GLfloat'
D:\OpenGLSample\7-1\7-1\OpenGLSample\7-1.cpp(584,45): warning C4305: 'initializing': truncation from 'double' to 'GLfloat'
D:\OpenGLSample\7-1\7-1\OpenGLSample\7-1.cpp(585,45): warning C4305: 'initializing': truncation from 'double' to 'GLfloat'
D:\OpenGLSample\7-1\7-1\OpenGLSample\7-1.cpp(586,45): warning C4305: 'initializing': truncation from 'double' to 'GLfloat'
D:\OpenGLSample\7-1\7-1\OpenGLSample\7-1.cpp(587,45): warning C4305: 'initializing': truncation from 'double' to 'GLfloat'
D:\OpenGLSample\7-1\7-1\OpenGLSample\7-1.cpp(588,44): warning C4305: 'initializing': truncation from 'double' to 'GLfloat'
D:\OpenGLSample\7-1\7-1\OpenGLSample\7-1.cpp(589,44): warning C4305: 'initializing': truncation from 'double' to 'GLfloat'
D:\OpenGLSample\7-1\7-1\OpenGLSample\7-1.cpp(590,43): warning C4305: 'initializing': truncation from 'double' to 'GLfloat'
D:\OpenGLSample\7-1\7-1\OpenGLSample\7-1.cpp(591,45): warning C4305: 'initializing': truncation from 'double' to 'GLfloat'
D:\OpenGLSample\7-1\7-1\OpenGLSample\7-1.cpp(592,44): warning C4305: 'initializing': truncation from 'double' to 'GLfloat'
D:\OpenGLSample\7-1\7-1\OpenGLSample\7-1.cpp(593,44): warning C4305: 'initializing': truncation from 'double' to 'GLfloat'
D:\OpenGLSample\7-1\7-1\OpenGLSample\7-1.cpp(594,45): warning C4305: 'initializing': truncation from 'double' to 'GLfloat'
D:\OpenGLSample\7-1\7-1\OpenGLSample\7-1.cpp(595,44): warning C4305: 'initializing': truncation from 'double' to 'GLfloat'
D:\OpenGLSample\7-1\7-1\OpenGLSample\7-1.cpp(596,45): warning C4305: 'initializing': truncation from 'double' to 'GLfloat'
D:\OpenGLSample\7-1\7-1\OpenGLSample\7-1.cpp(597,45): warning C4305: 'initializing': truncation from 'double' to 'GLfloat'
D:\OpenGLSample\7-1\7-1\OpenGLSample\7-1.cpp(598,45): warning C4305: 'initializing': truncation from 'double' to 'GLfloat'
D:\OpenGLSample\7-1\7-1\OpenGLSample\7-1.cpp(599,45): warning C4305: 'initializing': truncation from 'double' to 'GLfloat'
D:\OpenGLSample\7-1\7-1\OpenGLSample\7-1.cpp(600,45): warning C4305: 'initializing': truncation from 'double' to 'GLfloat'
D:\OpenGLSample\7-1\7-1\OpenGLSample\7-1.cpp(601,45): warning C4305: 'initializing': truncation from 'double' to 'GLfloat'
D:\OpenGLSample\7-1\7-1\OpenGLSample\7-1.cpp(602,43): warning C4305: 'initializing': truncation from 'double' to 'GLfloat'
D:\OpenGLSample\7-1\7-1\OpenGLSample\7-1.cpp(603,45): warning C4305: 'initializing': truncation from 'double' to 'GLfloat'
D:\OpenGLSample\7-1\7-1\OpenGLSample\7-1.cpp(604,43): warning C4305: 'initializing': truncation from 'double' to 'GLfloat'
D:\OpenGLSample\7-1\7-1\OpenGLSample\7-1.cpp(605,43): warning C4305: 'initializing': truncation from 'double' to 'GLfloat'
D:\OpenGLSample\7-1\7-1\OpenGLSample\7-1.cpp(606,43): warning C4305: 'initializing': truncation from 'double' to 'GLfloat'
D:\OpenGLSample\7-1\7-1\OpenGLSample\7-1.cpp(607,42): warning C4305: 'initializing': truncation from 'double' to 'GLfloat'
D:\OpenGLSample\7-1\7-1\OpenGLSample\7-1.cpp(608,43): warning C4305: 'initializing': truncation from 'double' to 'GLfloat'
D:\OpenGLSample\7-1\7-1\OpenGLSample\7-1.cpp(609,44): warning C4305: 'initializing': truncation from 'double' to 'GLfloat'
D:\OpenGLSample\7-1\7-1\OpenGLSample\7-1.cpp(610,44): warning C4305: 'initializing': truncation from 'double' to 'GLfloat'
D:\OpenGLSample\7-1\7-1\OpenGLSample\7-1.cpp(611,44): warning C4305: 'initializing': truncation from 'double' to 'GLfloat'
D:\OpenGLSample\7-1\7-1\OpenGLSample\7-1.cpp(612,44): warning C4305: 'initializing': truncation from 'double' to 'GLfloat'
D:\OpenGLSample\7-1\7-1\OpenGLSample\7-1.cpp(613,44): warning C4305: 'initializing': truncation from 'double' to 'GLfloat'
D:\OpenGLSample\7-1\7-1\OpenGLSample\7-1.cpp(614,43): warning C4305: 'initializing': truncation from 'double' to 'GLfloat'
D:\OpenGLSample\7-1\7-1\OpenGLSample\7-1.cpp(615,44): warning C4305: 'initializing': truncation from 'double' to 'GLfloat'
D:\OpenGLSample\7-1\7-1\OpenGLSample\7-1.cpp(616,43): warning C4305: 'initializing': truncation from 'double' to 'GLfloat'
D:\OpenGLSample\7-1\7-1\OpenGLSample\7-1.cpp(617,43): warning C4305: 'initializing': truncation from 'double' to 'GLfloat'
D:\OpenGLSample\7-1\7-1\OpenGLSample\7-1.cpp(618,44): warning C4305: 'initializing': truncation from 'double' to 'GLfloat'
D:\OpenGLSample\7-1\7-1\OpenGLSample\7-1.cpp(619,43): warning C4305: 'initializing': truncation from 'double' to 'GLfloat'
D:\OpenGLSample\7-1\7-1\OpenGLSample\7-1.cpp(620,44): warning C4305: 'initializing': truncation from 'double' to 'GLfloat'
D:\OpenGLSample\7-1\7-1\OpenGLSample\7-1.cpp(621,44): warning C4305: 'initializing': truncation from 'double' to 'GLfloat'
D:\OpenGLSample\7-1\7-1\OpenGLSample\7-1.cpp(622,44): warning C4305: 'initializing': truncation from 'double' to 'GLfloat'
D:\OpenGLSample\7-1\7-1\OpenGLSample\7-1.cpp(623,44): warning C4305: 'initializing': truncation from 'double' to 'GLfloat'
D:\OpenGLSample\7-1\7-1\OpenGLSample\7-1.cpp(624,42): warning C4305: 'initializing': truncation from 'double' to 'GLfloat'
D:\OpenGLSample\7-1\7-1\OpenGLSample\7-1.cpp(625,42): warning C4305: 'initializing': truncation from 'double' to 'GLfloat'
D:\OpenGLSample\7-1\7-1\OpenGLSample\7-1.cpp(626,41): warning C4305: 'initializing': truncation from 'double' to 'GLfloat'
D:\OpenGLSample\7-1\7-1\OpenGLSample\7-1.cpp(627,44): warning C4305: 'initializing': truncation from 'double' to 'GLfloat'
D:\OpenGLSample\7-1\7-1\OpenGLSample\7-1.cpp(628,43): warning C4305: 'initializing': truncation from 'double' to 'GLfloat'
D:\OpenGLSample\7-1\7-1\OpenGLSample\7-1.cpp(629,43): warning C4305: 'initializing': truncation from 'double' to 'GLfloat'
D:\OpenGLSample\7-1\7-1\OpenGLSample\7-1.cpp(630,44): warning C4305: 'initializing': truncation from 'double' to 'GLfloat'
D:\OpenGLSample\7-1\7-1\OpenGLSample\7-1.cpp(631,43): warning C4305: 'initializing': truncation from 'double' to 'GLfloat'
D:\OpenGLSample\7-1\7-1\OpenGLSample\7-1.cpp(632,44): warning C4305: 'initializing': truncation from 'double' to 'GLfloat'
D:\OpenGLSample\7-1\7-1\OpenGLSample\7-1.cpp(633,44): warning C4305: 'initializing': truncation from 'double' to 'GLfloat'
D:\OpenGLSample\7-1\7-1\OpenGLSample\7-1.cpp(634,44): warning C4305: 'initializing': truncation from 'double' to 'GLfloat'
D:\OpenGLSample\7-1\7-1\OpenGLSample\7-1.cpp(635,44): warning C4305: 'initializing': truncation from 'double' to 'GLfloat'
D:\OpenGLSample\7-1\7-1\OpenGLSample\7-1.cpp(636,44): warning C4305: 'initializing': truncation from 'double' to 'GLfloat'
D:\OpenGLSample\7-1\7-1\OpenGLSample\7-1.cpp(637,44): warning C4305: 'initializing': truncation from 'double' to 'GLfloat'
D:\OpenGLSample\7-1\7-1\OpenGLSample\7-1.cpp(639,44): warning C4305: 'initializing': truncation from 'double' to 'GLfloat'
D:\OpenGLSample\7-1\7-1\OpenGLSample\7-1.cpp(688,12): warning C4305: 'initializing': truncation from 'double' to 'GLfloat'
D:\OpenGLSample\7-1\7-1\OpenGLSample\7-1.cpp(696,13): warning C4305: 'initializing': truncation from 'double' to 'GLfloat'
D:\OpenGLSample\7-1\7-1\OpenGLSample\7-1.cpp(825,4): warning C4305: 'initializing': truncation from 'double' to 'GLfloat'
D:\OpenGLSample\7-1\7-1\OpenGLSample\7-1.cpp(941,13): warning C4305: 'initializing': truncation from 'double' to 'GLfloat'
D:\OpenGLSample\7-1\7-1\OpenGLSample\7-1.cpp(949,14): warning C4305: 'initializing': truncation from 'double' to 'GLfloat'
D:\OpenGLSample\7-1\7-1\OpenGLSample\7-1.cpp(1490,46): warning C4244: '=': conversion from 'double' to 'float', possible loss of data
D:\OpenGLSample\7-1\7-1\OpenGLSample\7-1.cpp(1491,22): warning C4244: '=': conversion from 'double' to 'float', possible loss of data
D:\OpenGLSample\7-1\7-1\OpenGLSample\7-1.cpp(1806,22): warning C4244: 'initializing': conversion from 'double' to 'float', possible loss of data
D:\OpenGLSample\7-1\7-1\OpenGLSample\7-1.cpp(1922,12): warning C4244: '=': conversion from 'double' to 'float', possible loss of data
D:\OpenGLSample\7-1\7-1\OpenGLSample\7-1.cpp(1923,12): warning C4244: '=': conversion from 'double' to 'float', possible loss of data
D:\OpenGLSample\7-1\7-1\OpenGLSample\7-1.cpp(1927,16): warning C4244: 'initializing': conversion from 'double' to 'float', possible loss of data
D:\OpenGLSample\7-1\7-1\OpenGLSample\7-1.cpp(1928,16): warning C4244: 'initializing': conversion from 'double' to 'float', possible loss of data
D:\OpenGLSample\7-1\7-1\OpenGLSample\7-1.cpp(1930,11): warning C4244: '=': conversion from 'double' to 'float', possible loss of data
D:\OpenGLSample\7-1\7-1\OpenGLSample\7-1.cpp(1931,11): warning C4244: '=': conversion from 'double' to 'float', possible loss of data
D:\OpenGLSample\7-1\7-1\OpenGLSample\7-1.cpp(1996,73): warning C4305: 'argument': truncation from 'double' to 'GLfloat'
D:\OpenGLSample\7-1\7-1\OpenGLSample\7-1.cpp(1997,76): warning C4305: 'argument': truncation from 'double' to 'GLfloat'
D:\OpenGLSample\7-1\7-1\OpenGLSample\7-1.cpp(2006,73): warning C4305: 'argument': truncation from 'double' to 'GLfloat'
D:\OpenGLSample\7-1\7-1\OpenGLSample\7-1.cpp(2007,76): warning C4305: 'argument': truncation from 'double' to 'GLfloat'
D:\OpenGLSample\7-1\7-1\OpenGLSample\7-1.cpp(2016,73): warning C4305: 'argument': truncation from 'double' to 'GLfloat'
D:\OpenGLSample\7-1\7-1\OpenGLSample\7-1.cpp(2017,76): warning C4305: 'argument': truncation from 'double' to 'GLfloat'
D:\OpenGLSample\7-1\7-1\OpenGLSample\7-1.cpp(2026,73): warning C4305: 'argument': truncation from 'double' to 'GLfloat'
D:\OpenGLSample\7-1\7-1\OpenGLSample\7-1.cpp(2027,76): warning C4305: 'argument': truncation from 'double' to 'GLfloat'
D:\OpenGLSample\7-1\7-1\OpenGLSample\7-1.cpp(2036,73): warning C4305: 'argument': truncation from 'double' to 'GLfloat'
D:\OpenGLSample\7-1\7-1\OpenGLSample\7-1.cpp(2037,76): warning C4305: 'argument': truncation from 'double' to 'GLfloat'
  Generating Code...
  glad.c
LINK : warning LNK4098: defaultlib 'MSVCRT' conflicts with use of other libs; use /NODEFAULTLIB:library
  OpenGLSample.vcxproj -> D:\OpenGLSample\7-1\7-1\Debug\7-1.exe
